[0.659s] Invoking command in '/home/gu/.local/share/ov/pkg/isaac_sim-2023.1.1/Enhancing-Robot-Performance-Through-HRC/ros_nodes/src/enhancing_robot_performance_through_hrc': PYTHONPATH=/home/gu/.local/share/ov/pkg/isaac_sim-2023.1.1/Enhancing-Robot-Performance-Through-HRC/ros_nodes/build/enhancing_robot_performance_through_hrc/prefix_override:/home/gu/.local/share/ov/pkg/isaac_sim-2023.1.1/Enhancing-Robot-Performance-Through-HRC/ros_nodes/install/enhancing_robot_performance_through_hrc/lib/python3.10/site-packages:${PYTHONPATH} /usr/bin/python3 setup.py egg_info --egg-base ../../build/enhancing_robot_performance_through_hrc build --build-base /home/gu/.local/share/ov/pkg/isaac_sim-2023.1.1/Enhancing-Robot-Performance-Through-HRC/ros_nodes/build/enhancing_robot_performance_through_hrc/build install --record /home/gu/.local/share/ov/pkg/isaac_sim-2023.1.1/Enhancing-Robot-Performance-Through-HRC/ros_nodes/build/enhancing_robot_performance_through_hrc/install.log --single-version-externally-managed
[0.849s] running egg_info
[0.849s] writing ../../build/enhancing_robot_performance_through_hrc/enhancing_robot_performance_through_hrc.egg-info/PKG-INFO
[0.849s] writing dependency_links to ../../build/enhancing_robot_performance_through_hrc/enhancing_robot_performance_through_hrc.egg-info/dependency_links.txt
[0.849s] writing entry points to ../../build/enhancing_robot_performance_through_hrc/enhancing_robot_performance_through_hrc.egg-info/entry_points.txt
[0.849s] writing requirements to ../../build/enhancing_robot_performance_through_hrc/enhancing_robot_performance_through_hrc.egg-info/requires.txt
[0.849s] writing top-level names to ../../build/enhancing_robot_performance_through_hrc/enhancing_robot_performance_through_hrc.egg-info/top_level.txt
[0.850s] reading manifest file '../../build/enhancing_robot_performance_through_hrc/enhancing_robot_performance_through_hrc.egg-info/SOURCES.txt'
[0.852s] writing manifest file '../../build/enhancing_robot_performance_through_hrc/enhancing_robot_performance_through_hrc.egg-info/SOURCES.txt'
[0.852s] running build
[0.852s] running build_py
[0.852s] copying enhancing_robot_performance_through_hrc/behaviour_tree.py -> /home/gu/.local/share/ov/pkg/isaac_sim-2023.1.1/Enhancing-Robot-Performance-Through-HRC/ros_nodes/build/enhancing_robot_performance_through_hrc/build/lib/enhancing_robot_performance_through_hrc
[0.853s] running install
[0.853s] running install_lib
[0.853s] copying /home/gu/.local/share/ov/pkg/isaac_sim-2023.1.1/Enhancing-Robot-Performance-Through-HRC/ros_nodes/build/enhancing_robot_performance_through_hrc/build/lib/enhancing_robot_performance_through_hrc/behaviour_tree.py -> /home/gu/.local/share/ov/pkg/isaac_sim-2023.1.1/Enhancing-Robot-Performance-Through-HRC/ros_nodes/install/enhancing_robot_performance_through_hrc/lib/python3.10/site-packages/enhancing_robot_performance_through_hrc
[0.854s] byte-compiling /home/gu/.local/share/ov/pkg/isaac_sim-2023.1.1/Enhancing-Robot-Performance-Through-HRC/ros_nodes/install/enhancing_robot_performance_through_hrc/lib/python3.10/site-packages/enhancing_robot_performance_through_hrc/behaviour_tree.py to behaviour_tree.cpython-310.pyc
[0.854s] running install_data
[0.855s] running install_egg_info
[0.856s] removing '/home/gu/.local/share/ov/pkg/isaac_sim-2023.1.1/Enhancing-Robot-Performance-Through-HRC/ros_nodes/install/enhancing_robot_performance_through_hrc/lib/python3.10/site-packages/enhancing_robot_performance_through_hrc-0.0.0-py3.10.egg-info' (and everything under it)
[0.856s] Copying ../../build/enhancing_robot_performance_through_hrc/enhancing_robot_performance_through_hrc.egg-info to /home/gu/.local/share/ov/pkg/isaac_sim-2023.1.1/Enhancing-Robot-Performance-Through-HRC/ros_nodes/install/enhancing_robot_performance_through_hrc/lib/python3.10/site-packages/enhancing_robot_performance_through_hrc-0.0.0-py3.10.egg-info
[0.856s] running install_scripts
[0.869s] Installing gui script to /home/gu/.local/share/ov/pkg/isaac_sim-2023.1.1/Enhancing-Robot-Performance-Through-HRC/ros_nodes/install/enhancing_robot_performance_through_hrc/lib/enhancing_robot_performance_through_hrc
[0.869s] Installing srvs script to /home/gu/.local/share/ov/pkg/isaac_sim-2023.1.1/Enhancing-Robot-Performance-Through-HRC/ros_nodes/install/enhancing_robot_performance_through_hrc/lib/enhancing_robot_performance_through_hrc
[0.870s] Installing tree script to /home/gu/.local/share/ov/pkg/isaac_sim-2023.1.1/Enhancing-Robot-Performance-Through-HRC/ros_nodes/install/enhancing_robot_performance_through_hrc/lib/enhancing_robot_performance_through_hrc
[0.870s] writing list of installed files to '/home/gu/.local/share/ov/pkg/isaac_sim-2023.1.1/Enhancing-Robot-Performance-Through-HRC/ros_nodes/build/enhancing_robot_performance_through_hrc/install.log'
[0.889s] Invoked command in '/home/gu/.local/share/ov/pkg/isaac_sim-2023.1.1/Enhancing-Robot-Performance-Through-HRC/ros_nodes/src/enhancing_robot_performance_through_hrc' returned '0': PYTHONPATH=/home/gu/.local/share/ov/pkg/isaac_sim-2023.1.1/Enhancing-Robot-Performance-Through-HRC/ros_nodes/build/enhancing_robot_performance_through_hrc/prefix_override:/home/gu/.local/share/ov/pkg/isaac_sim-2023.1.1/Enhancing-Robot-Performance-Through-HRC/ros_nodes/install/enhancing_robot_performance_through_hrc/lib/python3.10/site-packages:${PYTHONPATH} /usr/bin/python3 setup.py egg_info --egg-base ../../build/enhancing_robot_performance_through_hrc build --build-base /home/gu/.local/share/ov/pkg/isaac_sim-2023.1.1/Enhancing-Robot-Performance-Through-HRC/ros_nodes/build/enhancing_robot_performance_through_hrc/build install --record /home/gu/.local/share/ov/pkg/isaac_sim-2023.1.1/Enhancing-Robot-Performance-Through-HRC/ros_nodes/build/enhancing_robot_performance_through_hrc/install.log --single-version-externally-managed
