[0.305s] Invoking command in '/home/fluently/.local/share/ov/pkg/isaac_sim-2023.1.1/Enhancing-Robot-Performance-Through-HRC/ros_nodes/src/enhancing_robot_performance_through_hrc': PYTHONPATH=/home/fluently/.local/share/ov/pkg/isaac_sim-2023.1.1/Enhancing-Robot-Performance-Through-HRC/ros_nodes/build/enhancing_robot_performance_through_hrc/prefix_override:/home/fluently/.local/share/ov/pkg/isaac_sim-2023.1.1/Enhancing-Robot-Performance-Through-HRC/ros_nodes/install/enhancing_robot_performance_through_hrc/lib/python3.10/site-packages:${PYTHONPATH} /usr/bin/python3 setup.py egg_info --egg-base ../../build/enhancing_robot_performance_through_hrc build --build-base /home/fluently/.local/share/ov/pkg/isaac_sim-2023.1.1/Enhancing-Robot-Performance-Through-HRC/ros_nodes/build/enhancing_robot_performance_through_hrc/build install --record /home/fluently/.local/share/ov/pkg/isaac_sim-2023.1.1/Enhancing-Robot-Performance-Through-HRC/ros_nodes/build/enhancing_robot_performance_through_hrc/install.log --single-version-externally-managed
[0.406s] running egg_info
[0.406s] writing ../../build/enhancing_robot_performance_through_hrc/enhancing_robot_performance_through_hrc.egg-info/PKG-INFO
[0.406s] writing dependency_links to ../../build/enhancing_robot_performance_through_hrc/enhancing_robot_performance_through_hrc.egg-info/dependency_links.txt
[0.406s] writing entry points to ../../build/enhancing_robot_performance_through_hrc/enhancing_robot_performance_through_hrc.egg-info/entry_points.txt
[0.406s] writing requirements to ../../build/enhancing_robot_performance_through_hrc/enhancing_robot_performance_through_hrc.egg-info/requires.txt
[0.406s] writing top-level names to ../../build/enhancing_robot_performance_through_hrc/enhancing_robot_performance_through_hrc.egg-info/top_level.txt
[0.407s] reading manifest file '../../build/enhancing_robot_performance_through_hrc/enhancing_robot_performance_through_hrc.egg-info/SOURCES.txt'
[0.408s] writing manifest file '../../build/enhancing_robot_performance_through_hrc/enhancing_robot_performance_through_hrc.egg-info/SOURCES.txt'
[0.408s] running build
[0.408s] running build_py
[0.408s] copying enhancing_robot_performance_through_hrc/test_log.py -> /home/fluently/.local/share/ov/pkg/isaac_sim-2023.1.1/Enhancing-Robot-Performance-Through-HRC/ros_nodes/build/enhancing_robot_performance_through_hrc/build/lib/enhancing_robot_performance_through_hrc
[0.408s] copying enhancing_robot_performance_through_hrc/test_log copy.py -> /home/fluently/.local/share/ov/pkg/isaac_sim-2023.1.1/Enhancing-Robot-Performance-Through-HRC/ros_nodes/build/enhancing_robot_performance_through_hrc/build/lib/enhancing_robot_performance_through_hrc
[0.408s] copying enhancing_robot_performance_through_hrc/log_manager.py -> /home/fluently/.local/share/ov/pkg/isaac_sim-2023.1.1/Enhancing-Robot-Performance-Through-HRC/ros_nodes/build/enhancing_robot_performance_through_hrc/build/lib/enhancing_robot_performance_through_hrc
[0.408s] copying enhancing_robot_performance_through_hrc/send_str_clt.py -> /home/fluently/.local/share/ov/pkg/isaac_sim-2023.1.1/Enhancing-Robot-Performance-Through-HRC/ros_nodes/build/enhancing_robot_performance_through_hrc/build/lib/enhancing_robot_performance_through_hrc
[0.408s] copying enhancing_robot_performance_through_hrc/behaviour_tree.py -> /home/fluently/.local/share/ov/pkg/isaac_sim-2023.1.1/Enhancing-Robot-Performance-Through-HRC/ros_nodes/build/enhancing_robot_performance_through_hrc/build/lib/enhancing_robot_performance_through_hrc
[0.409s] copying enhancing_robot_performance_through_hrc/gui.py -> /home/fluently/.local/share/ov/pkg/isaac_sim-2023.1.1/Enhancing-Robot-Performance-Through-HRC/ros_nodes/build/enhancing_robot_performance_through_hrc/build/lib/enhancing_robot_performance_through_hrc
[0.409s] copying enhancing_robot_performance_through_hrc/behaviours.py -> /home/fluently/.local/share/ov/pkg/isaac_sim-2023.1.1/Enhancing-Robot-Performance-Through-HRC/ros_nodes/build/enhancing_robot_performance_through_hrc/build/lib/enhancing_robot_performance_through_hrc
[0.409s] running install
[0.409s] running install_lib
[0.409s] /usr/lib/python3/dist-packages/setuptools/command/install.py:34: SetuptoolsDeprecationWarning: setup.py install is deprecated. Use build and pip and other standards-based tools.
[0.409s]   warnings.warn(
[0.409s] copying /home/fluently/.local/share/ov/pkg/isaac_sim-2023.1.1/Enhancing-Robot-Performance-Through-HRC/ros_nodes/build/enhancing_robot_performance_through_hrc/build/lib/enhancing_robot_performance_through_hrc/test_log.py -> /home/fluently/.local/share/ov/pkg/isaac_sim-2023.1.1/Enhancing-Robot-Performance-Through-HRC/ros_nodes/install/enhancing_robot_performance_through_hrc/lib/python3.10/site-packages/enhancing_robot_performance_through_hrc
[0.409s] copying /home/fluently/.local/share/ov/pkg/isaac_sim-2023.1.1/Enhancing-Robot-Performance-Through-HRC/ros_nodes/build/enhancing_robot_performance_through_hrc/build/lib/enhancing_robot_performance_through_hrc/test_log copy.py -> /home/fluently/.local/share/ov/pkg/isaac_sim-2023.1.1/Enhancing-Robot-Performance-Through-HRC/ros_nodes/install/enhancing_robot_performance_through_hrc/lib/python3.10/site-packages/enhancing_robot_performance_through_hrc
[0.409s] copying /home/fluently/.local/share/ov/pkg/isaac_sim-2023.1.1/Enhancing-Robot-Performance-Through-HRC/ros_nodes/build/enhancing_robot_performance_through_hrc/build/lib/enhancing_robot_performance_through_hrc/log_manager.py -> /home/fluently/.local/share/ov/pkg/isaac_sim-2023.1.1/Enhancing-Robot-Performance-Through-HRC/ros_nodes/install/enhancing_robot_performance_through_hrc/lib/python3.10/site-packages/enhancing_robot_performance_through_hrc
[0.409s] copying /home/fluently/.local/share/ov/pkg/isaac_sim-2023.1.1/Enhancing-Robot-Performance-Through-HRC/ros_nodes/build/enhancing_robot_performance_through_hrc/build/lib/enhancing_robot_performance_through_hrc/send_str_clt.py -> /home/fluently/.local/share/ov/pkg/isaac_sim-2023.1.1/Enhancing-Robot-Performance-Through-HRC/ros_nodes/install/enhancing_robot_performance_through_hrc/lib/python3.10/site-packages/enhancing_robot_performance_through_hrc
[0.409s] copying /home/fluently/.local/share/ov/pkg/isaac_sim-2023.1.1/Enhancing-Robot-Performance-Through-HRC/ros_nodes/build/enhancing_robot_performance_through_hrc/build/lib/enhancing_robot_performance_through_hrc/behaviour_tree.py -> /home/fluently/.local/share/ov/pkg/isaac_sim-2023.1.1/Enhancing-Robot-Performance-Through-HRC/ros_nodes/install/enhancing_robot_performance_through_hrc/lib/python3.10/site-packages/enhancing_robot_performance_through_hrc
[0.409s] copying /home/fluently/.local/share/ov/pkg/isaac_sim-2023.1.1/Enhancing-Robot-Performance-Through-HRC/ros_nodes/build/enhancing_robot_performance_through_hrc/build/lib/enhancing_robot_performance_through_hrc/gui.py -> /home/fluently/.local/share/ov/pkg/isaac_sim-2023.1.1/Enhancing-Robot-Performance-Through-HRC/ros_nodes/install/enhancing_robot_performance_through_hrc/lib/python3.10/site-packages/enhancing_robot_performance_through_hrc
[0.409s] copying /home/fluently/.local/share/ov/pkg/isaac_sim-2023.1.1/Enhancing-Robot-Performance-Through-HRC/ros_nodes/build/enhancing_robot_performance_through_hrc/build/lib/enhancing_robot_performance_through_hrc/behaviours.py -> /home/fluently/.local/share/ov/pkg/isaac_sim-2023.1.1/Enhancing-Robot-Performance-Through-HRC/ros_nodes/install/enhancing_robot_performance_through_hrc/lib/python3.10/site-packages/enhancing_robot_performance_through_hrc
[0.409s] byte-compiling /home/fluently/.local/share/ov/pkg/isaac_sim-2023.1.1/Enhancing-Robot-Performance-Through-HRC/ros_nodes/install/enhancing_robot_performance_through_hrc/lib/python3.10/site-packages/enhancing_robot_performance_through_hrc/test_log.py to test_log.cpython-310.pyc
[0.409s] byte-compiling /home/fluently/.local/share/ov/pkg/isaac_sim-2023.1.1/Enhancing-Robot-Performance-Through-HRC/ros_nodes/install/enhancing_robot_performance_through_hrc/lib/python3.10/site-packages/enhancing_robot_performance_through_hrc/test_log copy.py to test_log copy.cpython-310.pyc
[0.409s] byte-compiling /home/fluently/.local/share/ov/pkg/isaac_sim-2023.1.1/Enhancing-Robot-Performance-Through-HRC/ros_nodes/install/enhancing_robot_performance_through_hrc/lib/python3.10/site-packages/enhancing_robot_performance_through_hrc/log_manager.py to log_manager.cpython-310.pyc
[0.409s] byte-compiling /home/fluently/.local/share/ov/pkg/isaac_sim-2023.1.1/Enhancing-Robot-Performance-Through-HRC/ros_nodes/install/enhancing_robot_performance_through_hrc/lib/python3.10/site-packages/enhancing_robot_performance_through_hrc/send_str_clt.py to send_str_clt.cpython-310.pyc
[0.409s] byte-compiling /home/fluently/.local/share/ov/pkg/isaac_sim-2023.1.1/Enhancing-Robot-Performance-Through-HRC/ros_nodes/install/enhancing_robot_performance_through_hrc/lib/python3.10/site-packages/enhancing_robot_performance_through_hrc/behaviour_tree.py to behaviour_tree.cpython-310.pyc
[0.410s] byte-compiling /home/fluently/.local/share/ov/pkg/isaac_sim-2023.1.1/Enhancing-Robot-Performance-Through-HRC/ros_nodes/install/enhancing_robot_performance_through_hrc/lib/python3.10/site-packages/enhancing_robot_performance_through_hrc/gui.py to gui.cpython-310.pyc
[0.410s] byte-compiling /home/fluently/.local/share/ov/pkg/isaac_sim-2023.1.1/Enhancing-Robot-Performance-Through-HRC/ros_nodes/install/enhancing_robot_performance_through_hrc/lib/python3.10/site-packages/enhancing_robot_performance_through_hrc/behaviours.py to behaviours.cpython-310.pyc
[0.410s] running install_data
[0.411s] running install_egg_info
[0.412s] removing '/home/fluently/.local/share/ov/pkg/isaac_sim-2023.1.1/Enhancing-Robot-Performance-Through-HRC/ros_nodes/install/enhancing_robot_performance_through_hrc/lib/python3.10/site-packages/enhancing_robot_performance_through_hrc-0.0.0-py3.10.egg-info' (and everything under it)
[0.412s] Copying ../../build/enhancing_robot_performance_through_hrc/enhancing_robot_performance_through_hrc.egg-info to /home/fluently/.local/share/ov/pkg/isaac_sim-2023.1.1/Enhancing-Robot-Performance-Through-HRC/ros_nodes/install/enhancing_robot_performance_through_hrc/lib/python3.10/site-packages/enhancing_robot_performance_through_hrc-0.0.0-py3.10.egg-info
[0.412s] running install_scripts
[0.421s] writing list of installed files to '/home/fluently/.local/share/ov/pkg/isaac_sim-2023.1.1/Enhancing-Robot-Performance-Through-HRC/ros_nodes/build/enhancing_robot_performance_through_hrc/install.log'
[0.433s] Invoked command in '/home/fluently/.local/share/ov/pkg/isaac_sim-2023.1.1/Enhancing-Robot-Performance-Through-HRC/ros_nodes/src/enhancing_robot_performance_through_hrc' returned '0': PYTHONPATH=/home/fluently/.local/share/ov/pkg/isaac_sim-2023.1.1/Enhancing-Robot-Performance-Through-HRC/ros_nodes/build/enhancing_robot_performance_through_hrc/prefix_override:/home/fluently/.local/share/ov/pkg/isaac_sim-2023.1.1/Enhancing-Robot-Performance-Through-HRC/ros_nodes/install/enhancing_robot_performance_through_hrc/lib/python3.10/site-packages:${PYTHONPATH} /usr/bin/python3 setup.py egg_info --egg-base ../../build/enhancing_robot_performance_through_hrc build --build-base /home/fluently/.local/share/ov/pkg/isaac_sim-2023.1.1/Enhancing-Robot-Performance-Through-HRC/ros_nodes/build/enhancing_robot_performance_through_hrc/build install --record /home/fluently/.local/share/ov/pkg/isaac_sim-2023.1.1/Enhancing-Robot-Performance-Through-HRC/ros_nodes/build/enhancing_robot_performance_through_hrc/install.log --single-version-externally-managed
