[0.792s] Invoking command in '/home/gu/.local/share/ov/pkg/isaac_sim-2023.1.1/Enhancing-Robot-Performance-Through-HRC/ros_nodes/src/enhancing_robot_performance_through_hrc': PYTHONPATH=/home/gu/.local/share/ov/pkg/isaac_sim-2023.1.1/Enhancing-Robot-Performance-Through-HRC/ros_nodes/build/enhancing_robot_performance_through_hrc/prefix_override:/home/gu/.local/share/ov/pkg/isaac_sim-2023.1.1/Enhancing-Robot-Performance-Through-HRC/ros_nodes/install/enhancing_robot_performance_through_hrc/lib/python3.10/site-packages:${PYTHONPATH} /usr/bin/python3 setup.py egg_info --egg-base ../../build/enhancing_robot_performance_through_hrc build --build-base /home/gu/.local/share/ov/pkg/isaac_sim-2023.1.1/Enhancing-Robot-Performance-Through-HRC/ros_nodes/build/enhancing_robot_performance_through_hrc/build install --record /home/gu/.local/share/ov/pkg/isaac_sim-2023.1.1/Enhancing-Robot-Performance-Through-HRC/ros_nodes/build/enhancing_robot_performance_through_hrc/install.log --single-version-externally-managed
[1.063s] running egg_info
[1.064s] writing ../../build/enhancing_robot_performance_through_hrc/enhancing_robot_performance_through_hrc.egg-info/PKG-INFO
[1.064s] writing dependency_links to ../../build/enhancing_robot_performance_through_hrc/enhancing_robot_performance_through_hrc.egg-info/dependency_links.txt
[1.064s] writing entry points to ../../build/enhancing_robot_performance_through_hrc/enhancing_robot_performance_through_hrc.egg-info/entry_points.txt
[1.064s] writing requirements to ../../build/enhancing_robot_performance_through_hrc/enhancing_robot_performance_through_hrc.egg-info/requires.txt
[1.065s] writing top-level names to ../../build/enhancing_robot_performance_through_hrc/enhancing_robot_performance_through_hrc.egg-info/top_level.txt
[1.066s] reading manifest file '../../build/enhancing_robot_performance_through_hrc/enhancing_robot_performance_through_hrc.egg-info/SOURCES.txt'
[1.068s] writing manifest file '../../build/enhancing_robot_performance_through_hrc/enhancing_robot_performance_through_hrc.egg-info/SOURCES.txt'
[1.068s] running build
[1.068s] running build_py
[1.068s] copying enhancing_robot_performance_through_hrc/log_manager.py -> /home/gu/.local/share/ov/pkg/isaac_sim-2023.1.1/Enhancing-Robot-Performance-Through-HRC/ros_nodes/build/enhancing_robot_performance_through_hrc/build/lib/enhancing_robot_performance_through_hrc
[1.069s] running install
[1.069s] running install_lib
[1.069s] copying /home/gu/.local/share/ov/pkg/isaac_sim-2023.1.1/Enhancing-Robot-Performance-Through-HRC/ros_nodes/build/enhancing_robot_performance_through_hrc/build/lib/enhancing_robot_performance_through_hrc/log_manager.py -> /home/gu/.local/share/ov/pkg/isaac_sim-2023.1.1/Enhancing-Robot-Performance-Through-HRC/ros_nodes/install/enhancing_robot_performance_through_hrc/lib/python3.10/site-packages/enhancing_robot_performance_through_hrc
[1.070s] byte-compiling /home/gu/.local/share/ov/pkg/isaac_sim-2023.1.1/Enhancing-Robot-Performance-Through-HRC/ros_nodes/install/enhancing_robot_performance_through_hrc/lib/python3.10/site-packages/enhancing_robot_performance_through_hrc/log_manager.py to log_manager.cpython-310.pyc
[1.071s] running install_data
[1.071s] running install_egg_info
[1.073s] removing '/home/gu/.local/share/ov/pkg/isaac_sim-2023.1.1/Enhancing-Robot-Performance-Through-HRC/ros_nodes/install/enhancing_robot_performance_through_hrc/lib/python3.10/site-packages/enhancing_robot_performance_through_hrc-0.0.0-py3.10.egg-info' (and everything under it)
[1.073s] Copying ../../build/enhancing_robot_performance_through_hrc/enhancing_robot_performance_through_hrc.egg-info to /home/gu/.local/share/ov/pkg/isaac_sim-2023.1.1/Enhancing-Robot-Performance-Through-HRC/ros_nodes/install/enhancing_robot_performance_through_hrc/lib/python3.10/site-packages/enhancing_robot_performance_through_hrc-0.0.0-py3.10.egg-info
[1.073s] running install_scripts
[1.093s] Installing gui script to /home/gu/.local/share/ov/pkg/isaac_sim-2023.1.1/Enhancing-Robot-Performance-Through-HRC/ros_nodes/install/enhancing_robot_performance_through_hrc/lib/enhancing_robot_performance_through_hrc
[1.093s] Installing srvs script to /home/gu/.local/share/ov/pkg/isaac_sim-2023.1.1/Enhancing-Robot-Performance-Through-HRC/ros_nodes/install/enhancing_robot_performance_through_hrc/lib/enhancing_robot_performance_through_hrc
[1.093s] Installing tree script to /home/gu/.local/share/ov/pkg/isaac_sim-2023.1.1/Enhancing-Robot-Performance-Through-HRC/ros_nodes/install/enhancing_robot_performance_through_hrc/lib/enhancing_robot_performance_through_hrc
[1.093s] writing list of installed files to '/home/gu/.local/share/ov/pkg/isaac_sim-2023.1.1/Enhancing-Robot-Performance-Through-HRC/ros_nodes/build/enhancing_robot_performance_through_hrc/install.log'
[1.119s] Invoked command in '/home/gu/.local/share/ov/pkg/isaac_sim-2023.1.1/Enhancing-Robot-Performance-Through-HRC/ros_nodes/src/enhancing_robot_performance_through_hrc' returned '0': PYTHONPATH=/home/gu/.local/share/ov/pkg/isaac_sim-2023.1.1/Enhancing-Robot-Performance-Through-HRC/ros_nodes/build/enhancing_robot_performance_through_hrc/prefix_override:/home/gu/.local/share/ov/pkg/isaac_sim-2023.1.1/Enhancing-Robot-Performance-Through-HRC/ros_nodes/install/enhancing_robot_performance_through_hrc/lib/python3.10/site-packages:${PYTHONPATH} /usr/bin/python3 setup.py egg_info --egg-base ../../build/enhancing_robot_performance_through_hrc build --build-base /home/gu/.local/share/ov/pkg/isaac_sim-2023.1.1/Enhancing-Robot-Performance-Through-HRC/ros_nodes/build/enhancing_robot_performance_through_hrc/build install --record /home/gu/.local/share/ov/pkg/isaac_sim-2023.1.1/Enhancing-Robot-Performance-Through-HRC/ros_nodes/build/enhancing_robot_performance_through_hrc/install.log --single-version-externally-managed
