2024-03-26 17:36:27,835 - INFO - NEW RUN
2024-03-26 17:36:27,835 - INFO - ==========Starting simulation==========
2024-03-26 17:36:30,845 - INFO - Received request for hold left service custom_interfaces.srv.String_Request(data='')
2024-03-26 17:36:56,718 - INFO - Received request for place left service custom_interfaces.srv.String_Request(data='')
2024-03-26 17:37:09,691 - INFO - Received request for reset left service custom_interfaces.srv.String_Request(data='')
2024-03-26 17:37:18,505 - INFO - Received request for hold right service custom_interfaces.srv.String_Request(data='')
2024-03-26 17:38:12,613 - INFO - Received request for place right service custom_interfaces.srv.String_Request(data='')
2024-03-26 17:38:27,643 - INFO - Received request for hold right service custom_interfaces.srv.String_Request(data='')
2024-03-26 17:38:50,130 - INFO - Received request for place left service custom_interfaces.srv.String_Request(data='')
2024-03-26 17:39:02,357 - INFO - Received request for reset right service custom_interfaces.srv.String_Request(data='')
2024-03-26 17:39:05,823 - INFO - Received request for reset right service custom_interfaces.srv.String_Request(data='')
2024-03-26 17:39:08,417 - INFO - Received request for reset left service custom_interfaces.srv.String_Request(data='')
2024-03-26 17:39:09,629 - INFO - Received request for reset left service custom_interfaces.srv.String_Request(data='')
2024-03-26 17:39:10,370 - INFO - Received request for reset left service custom_interfaces.srv.String_Request(data='')
2024-03-26 17:39:10,713 - INFO - Received request for reset left service custom_interfaces.srv.String_Request(data='')
2024-03-26 17:39:10,937 - INFO - Received request for reset left service custom_interfaces.srv.String_Request(data='')
2024-03-26 17:39:11,136 - INFO - Received request for reset left service custom_interfaces.srv.String_Request(data='')
2024-03-26 17:39:11,335 - INFO - Received request for reset left service custom_interfaces.srv.String_Request(data='')
2024-03-26 17:39:11,559 - INFO - Received request for reset left service custom_interfaces.srv.String_Request(data='')
2024-03-26 17:39:11,771 - INFO - Received request for reset left service custom_interfaces.srv.String_Request(data='')
2024-03-26 17:39:11,974 - INFO - Received request for reset left service custom_interfaces.srv.String_Request(data='')
2024-03-26 17:39:12,157 - INFO - Received request for reset left service custom_interfaces.srv.String_Request(data='')
2024-03-26 17:39:12,345 - INFO - Received request for reset left service custom_interfaces.srv.String_Request(data='')
2024-03-26 17:39:12,548 - INFO - Received request for reset left service custom_interfaces.srv.String_Request(data='')
2024-03-26 17:39:12,759 - INFO - Received request for reset left service custom_interfaces.srv.String_Request(data='')
2024-03-26 17:39:12,951 - INFO - Received request for reset left service custom_interfaces.srv.String_Request(data='')
2024-03-26 17:39:13,228 - INFO - Received request for reset left service custom_interfaces.srv.String_Request(data='')
2024-03-26 17:39:13,476 - INFO - Received request for reset left service custom_interfaces.srv.String_Request(data='')
2024-03-26 17:39:13,672 - INFO - Received request for reset left service custom_interfaces.srv.String_Request(data='')
2024-03-26 17:39:13,933 - INFO - Received request for reset left service custom_interfaces.srv.String_Request(data='')
2024-03-26 17:39:14,484 - INFO - Received request for reset right service custom_interfaces.srv.String_Request(data='')
2024-03-26 17:39:16,371 - INFO - Received request for hold right service custom_interfaces.srv.String_Request(data='')
2024-03-26 17:39:32,736 - INFO - Received request for place left service custom_interfaces.srv.String_Request(data='')
2024-03-26 17:39:42,291 - INFO - Received request for reset left service custom_interfaces.srv.String_Request(data='')
2024-03-26 17:39:44,394 - INFO - Received request for reset left service custom_interfaces.srv.String_Request(data='')
2024-03-26 17:39:45,741 - INFO - Received request for reset left service custom_interfaces.srv.String_Request(data='')
2024-03-26 17:39:53,179 - INFO - Received request for reset left service custom_interfaces.srv.String_Request(data='')
2024-03-26 17:39:57,978 - INFO - Received request for quit service custom_interfaces.srv.String_Request(data='')
