running egg_info
creating ../../build/enhancing_robot_performance_through_hrc/enhancing_robot_performance_through_hrc.egg-info
writing ../../build/enhancing_robot_performance_through_hrc/enhancing_robot_performance_through_hrc.egg-info/PKG-INFO
writing dependency_links to ../../build/enhancing_robot_performance_through_hrc/enhancing_robot_performance_through_hrc.egg-info/dependency_links.txt
writing entry points to ../../build/enhancing_robot_performance_through_hrc/enhancing_robot_performance_through_hrc.egg-info/entry_points.txt
writing requirements to ../../build/enhancing_robot_performance_through_hrc/enhancing_robot_performance_through_hrc.egg-info/requires.txt
writing top-level names to ../../build/enhancing_robot_performance_through_hrc/enhancing_robot_performance_through_hrc.egg-info/top_level.txt
writing manifest file '../../build/enhancing_robot_performance_through_hrc/enhancing_robot_performance_through_hrc.egg-info/SOURCES.txt'
reading manifest file '../../build/enhancing_robot_performance_through_hrc/enhancing_robot_performance_through_hrc.egg-info/SOURCES.txt'
writing manifest file '../../build/enhancing_robot_performance_through_hrc/enhancing_robot_performance_through_hrc.egg-info/SOURCES.txt'
running build
running build_py
creating /home/gu/.local/share/ov/pkg/isaac_sim-2023.1.1/Enhancing-Robot-Performance-Through-HRC/ros_nodes/build/enhancing_robot_performance_through_hrc/build
creating /home/gu/.local/share/ov/pkg/isaac_sim-2023.1.1/Enhancing-Robot-Performance-Through-HRC/ros_nodes/build/enhancing_robot_performance_through_hrc/build/lib
creating /home/gu/.local/share/ov/pkg/isaac_sim-2023.1.1/Enhancing-Robot-Performance-Through-HRC/ros_nodes/build/enhancing_robot_performance_through_hrc/build/lib/enhancing_robot_performance_through_hrc
copying enhancing_robot_performance_through_hrc/gui.py -> /home/gu/.local/share/ov/pkg/isaac_sim-2023.1.1/Enhancing-Robot-Performance-Through-HRC/ros_nodes/build/enhancing_robot_performance_through_hrc/build/lib/enhancing_robot_performance_through_hrc
copying enhancing_robot_performance_through_hrc/send_str_clt.py -> /home/gu/.local/share/ov/pkg/isaac_sim-2023.1.1/Enhancing-Robot-Performance-Through-HRC/ros_nodes/build/enhancing_robot_performance_through_hrc/build/lib/enhancing_robot_performance_through_hrc
copying enhancing_robot_performance_through_hrc/behaviours.py -> /home/gu/.local/share/ov/pkg/isaac_sim-2023.1.1/Enhancing-Robot-Performance-Through-HRC/ros_nodes/build/enhancing_robot_performance_through_hrc/build/lib/enhancing_robot_performance_through_hrc
copying enhancing_robot_performance_through_hrc/log_manager.py -> /home/gu/.local/share/ov/pkg/isaac_sim-2023.1.1/Enhancing-Robot-Performance-Through-HRC/ros_nodes/build/enhancing_robot_performance_through_hrc/build/lib/enhancing_robot_performance_through_hrc
copying enhancing_robot_performance_through_hrc/test_log copy.py -> /home/gu/.local/share/ov/pkg/isaac_sim-2023.1.1/Enhancing-Robot-Performance-Through-HRC/ros_nodes/build/enhancing_robot_performance_through_hrc/build/lib/enhancing_robot_performance_through_hrc
copying enhancing_robot_performance_through_hrc/test_log.py -> /home/gu/.local/share/ov/pkg/isaac_sim-2023.1.1/Enhancing-Robot-Performance-Through-HRC/ros_nodes/build/enhancing_robot_performance_through_hrc/build/lib/enhancing_robot_performance_through_hrc
copying enhancing_robot_performance_through_hrc/launcher.py -> /home/gu/.local/share/ov/pkg/isaac_sim-2023.1.1/Enhancing-Robot-Performance-Through-HRC/ros_nodes/build/enhancing_robot_performance_through_hrc/build/lib/enhancing_robot_performance_through_hrc
copying enhancing_robot_performance_through_hrc/__init__.py -> /home/gu/.local/share/ov/pkg/isaac_sim-2023.1.1/Enhancing-Robot-Performance-Through-HRC/ros_nodes/build/enhancing_robot_performance_through_hrc/build/lib/enhancing_robot_performance_through_hrc
copying enhancing_robot_performance_through_hrc/behaviour_tree.py -> /home/gu/.local/share/ov/pkg/isaac_sim-2023.1.1/Enhancing-Robot-Performance-Through-HRC/ros_nodes/build/enhancing_robot_performance_through_hrc/build/lib/enhancing_robot_performance_through_hrc
copying enhancing_robot_performance_through_hrc/services_placeholder.py -> /home/gu/.local/share/ov/pkg/isaac_sim-2023.1.1/Enhancing-Robot-Performance-Through-HRC/ros_nodes/build/enhancing_robot_performance_through_hrc/build/lib/enhancing_robot_performance_through_hrc
running install
running install_lib
creating /home/gu/.local/share/ov/pkg/isaac_sim-2023.1.1/Enhancing-Robot-Performance-Through-HRC/ros_nodes/install/enhancing_robot_performance_through_hrc/lib/python3.10/site-packages/enhancing_robot_performance_through_hrc
copying /home/gu/.local/share/ov/pkg/isaac_sim-2023.1.1/Enhancing-Robot-Performance-Through-HRC/ros_nodes/build/enhancing_robot_performance_through_hrc/build/lib/enhancing_robot_performance_through_hrc/gui.py -> /home/gu/.local/share/ov/pkg/isaac_sim-2023.1.1/Enhancing-Robot-Performance-Through-HRC/ros_nodes/install/enhancing_robot_performance_through_hrc/lib/python3.10/site-packages/enhancing_robot_performance_through_hrc
copying /home/gu/.local/share/ov/pkg/isaac_sim-2023.1.1/Enhancing-Robot-Performance-Through-HRC/ros_nodes/build/enhancing_robot_performance_through_hrc/build/lib/enhancing_robot_performance_through_hrc/send_str_clt.py -> /home/gu/.local/share/ov/pkg/isaac_sim-2023.1.1/Enhancing-Robot-Performance-Through-HRC/ros_nodes/install/enhancing_robot_performance_through_hrc/lib/python3.10/site-packages/enhancing_robot_performance_through_hrc
copying /home/gu/.local/share/ov/pkg/isaac_sim-2023.1.1/Enhancing-Robot-Performance-Through-HRC/ros_nodes/build/enhancing_robot_performance_through_hrc/build/lib/enhancing_robot_performance_through_hrc/behaviours.py -> /home/gu/.local/share/ov/pkg/isaac_sim-2023.1.1/Enhancing-Robot-Performance-Through-HRC/ros_nodes/install/enhancing_robot_performance_through_hrc/lib/python3.10/site-packages/enhancing_robot_performance_through_hrc
copying /home/gu/.local/share/ov/pkg/isaac_sim-2023.1.1/Enhancing-Robot-Performance-Through-HRC/ros_nodes/build/enhancing_robot_performance_through_hrc/build/lib/enhancing_robot_performance_through_hrc/log_manager.py -> /home/gu/.local/share/ov/pkg/isaac_sim-2023.1.1/Enhancing-Robot-Performance-Through-HRC/ros_nodes/install/enhancing_robot_performance_through_hrc/lib/python3.10/site-packages/enhancing_robot_performance_through_hrc
copying /home/gu/.local/share/ov/pkg/isaac_sim-2023.1.1/Enhancing-Robot-Performance-Through-HRC/ros_nodes/build/enhancing_robot_performance_through_hrc/build/lib/enhancing_robot_performance_through_hrc/test_log copy.py -> /home/gu/.local/share/ov/pkg/isaac_sim-2023.1.1/Enhancing-Robot-Performance-Through-HRC/ros_nodes/install/enhancing_robot_performance_through_hrc/lib/python3.10/site-packages/enhancing_robot_performance_through_hrc
copying /home/gu/.local/share/ov/pkg/isaac_sim-2023.1.1/Enhancing-Robot-Performance-Through-HRC/ros_nodes/build/enhancing_robot_performance_through_hrc/build/lib/enhancing_robot_performance_through_hrc/test_log.py -> /home/gu/.local/share/ov/pkg/isaac_sim-2023.1.1/Enhancing-Robot-Performance-Through-HRC/ros_nodes/install/enhancing_robot_performance_through_hrc/lib/python3.10/site-packages/enhancing_robot_performance_through_hrc
copying /home/gu/.local/share/ov/pkg/isaac_sim-2023.1.1/Enhancing-Robot-Performance-Through-HRC/ros_nodes/build/enhancing_robot_performance_through_hrc/build/lib/enhancing_robot_performance_through_hrc/launcher.py -> /home/gu/.local/share/ov/pkg/isaac_sim-2023.1.1/Enhancing-Robot-Performance-Through-HRC/ros_nodes/install/enhancing_robot_performance_through_hrc/lib/python3.10/site-packages/enhancing_robot_performance_through_hrc
copying /home/gu/.local/share/ov/pkg/isaac_sim-2023.1.1/Enhancing-Robot-Performance-Through-HRC/ros_nodes/build/enhancing_robot_performance_through_hrc/build/lib/enhancing_robot_performance_through_hrc/__init__.py -> /home/gu/.local/share/ov/pkg/isaac_sim-2023.1.1/Enhancing-Robot-Performance-Through-HRC/ros_nodes/install/enhancing_robot_performance_through_hrc/lib/python3.10/site-packages/enhancing_robot_performance_through_hrc
copying /home/gu/.local/share/ov/pkg/isaac_sim-2023.1.1/Enhancing-Robot-Performance-Through-HRC/ros_nodes/build/enhancing_robot_performance_through_hrc/build/lib/enhancing_robot_performance_through_hrc/behaviour_tree.py -> /home/gu/.local/share/ov/pkg/isaac_sim-2023.1.1/Enhancing-Robot-Performance-Through-HRC/ros_nodes/install/enhancing_robot_performance_through_hrc/lib/python3.10/site-packages/enhancing_robot_performance_through_hrc
copying /home/gu/.local/share/ov/pkg/isaac_sim-2023.1.1/Enhancing-Robot-Performance-Through-HRC/ros_nodes/build/enhancing_robot_performance_through_hrc/build/lib/enhancing_robot_performance_through_hrc/services_placeholder.py -> /home/gu/.local/share/ov/pkg/isaac_sim-2023.1.1/Enhancing-Robot-Performance-Through-HRC/ros_nodes/install/enhancing_robot_performance_through_hrc/lib/python3.10/site-packages/enhancing_robot_performance_through_hrc
byte-compiling /home/gu/.local/share/ov/pkg/isaac_sim-2023.1.1/Enhancing-Robot-Performance-Through-HRC/ros_nodes/install/enhancing_robot_performance_through_hrc/lib/python3.10/site-packages/enhancing_robot_performance_through_hrc/gui.py to gui.cpython-310.pyc
byte-compiling /home/gu/.local/share/ov/pkg/isaac_sim-2023.1.1/Enhancing-Robot-Performance-Through-HRC/ros_nodes/install/enhancing_robot_performance_through_hrc/lib/python3.10/site-packages/enhancing_robot_performance_through_hrc/send_str_clt.py to send_str_clt.cpython-310.pyc
byte-compiling /home/gu/.local/share/ov/pkg/isaac_sim-2023.1.1/Enhancing-Robot-Performance-Through-HRC/ros_nodes/install/enhancing_robot_performance_through_hrc/lib/python3.10/site-packages/enhancing_robot_performance_through_hrc/behaviours.py to behaviours.cpython-310.pyc
byte-compiling /home/gu/.local/share/ov/pkg/isaac_sim-2023.1.1/Enhancing-Robot-Performance-Through-HRC/ros_nodes/install/enhancing_robot_performance_through_hrc/lib/python3.10/site-packages/enhancing_robot_performance_through_hrc/log_manager.py to log_manager.cpython-310.pyc
byte-compiling /home/gu/.local/share/ov/pkg/isaac_sim-2023.1.1/Enhancing-Robot-Performance-Through-HRC/ros_nodes/install/enhancing_robot_performance_through_hrc/lib/python3.10/site-packages/enhancing_robot_performance_through_hrc/test_log copy.py to test_log copy.cpython-310.pyc
byte-compiling /home/gu/.local/share/ov/pkg/isaac_sim-2023.1.1/Enhancing-Robot-Performance-Through-HRC/ros_nodes/install/enhancing_robot_performance_through_hrc/lib/python3.10/site-packages/enhancing_robot_performance_through_hrc/test_log.py to test_log.cpython-310.pyc
byte-compiling /home/gu/.local/share/ov/pkg/isaac_sim-2023.1.1/Enhancing-Robot-Performance-Through-HRC/ros_nodes/install/enhancing_robot_performance_through_hrc/lib/python3.10/site-packages/enhancing_robot_performance_through_hrc/launcher.py to launcher.cpython-310.pyc
byte-compiling /home/gu/.local/share/ov/pkg/isaac_sim-2023.1.1/Enhancing-Robot-Performance-Through-HRC/ros_nodes/install/enhancing_robot_performance_through_hrc/lib/python3.10/site-packages/enhancing_robot_performance_through_hrc/__init__.py to __init__.cpython-310.pyc
byte-compiling /home/gu/.local/share/ov/pkg/isaac_sim-2023.1.1/Enhancing-Robot-Performance-Through-HRC/ros_nodes/install/enhancing_robot_performance_through_hrc/lib/python3.10/site-packages/enhancing_robot_performance_through_hrc/behaviour_tree.py to behaviour_tree.cpython-310.pyc
byte-compiling /home/gu/.local/share/ov/pkg/isaac_sim-2023.1.1/Enhancing-Robot-Performance-Through-HRC/ros_nodes/install/enhancing_robot_performance_through_hrc/lib/python3.10/site-packages/enhancing_robot_performance_through_hrc/services_placeholder.py to services_placeholder.cpython-310.pyc
running install_data
creating /home/gu/.local/share/ov/pkg/isaac_sim-2023.1.1/Enhancing-Robot-Performance-Through-HRC/ros_nodes/install/enhancing_robot_performance_through_hrc/share/ament_index
creating /home/gu/.local/share/ov/pkg/isaac_sim-2023.1.1/Enhancing-Robot-Performance-Through-HRC/ros_nodes/install/enhancing_robot_performance_through_hrc/share/ament_index/resource_index
creating /home/gu/.local/share/ov/pkg/isaac_sim-2023.1.1/Enhancing-Robot-Performance-Through-HRC/ros_nodes/install/enhancing_robot_performance_through_hrc/share/ament_index/resource_index/packages
copying resource/enhancing_robot_performance_through_hrc -> /home/gu/.local/share/ov/pkg/isaac_sim-2023.1.1/Enhancing-Robot-Performance-Through-HRC/ros_nodes/install/enhancing_robot_performance_through_hrc/share/ament_index/resource_index/packages
copying package.xml -> /home/gu/.local/share/ov/pkg/isaac_sim-2023.1.1/Enhancing-Robot-Performance-Through-HRC/ros_nodes/install/enhancing_robot_performance_through_hrc/share/enhancing_robot_performance_through_hrc
running install_egg_info
Copying ../../build/enhancing_robot_performance_through_hrc/enhancing_robot_performance_through_hrc.egg-info to /home/gu/.local/share/ov/pkg/isaac_sim-2023.1.1/Enhancing-Robot-Performance-Through-HRC/ros_nodes/install/enhancing_robot_performance_through_hrc/lib/python3.10/site-packages/enhancing_robot_performance_through_hrc-0.0.0-py3.10.egg-info
running install_scripts
Installing gui script to /home/gu/.local/share/ov/pkg/isaac_sim-2023.1.1/Enhancing-Robot-Performance-Through-HRC/ros_nodes/install/enhancing_robot_performance_through_hrc/lib/enhancing_robot_performance_through_hrc
Installing srvs script to /home/gu/.local/share/ov/pkg/isaac_sim-2023.1.1/Enhancing-Robot-Performance-Through-HRC/ros_nodes/install/enhancing_robot_performance_through_hrc/lib/enhancing_robot_performance_through_hrc
Installing tree script to /home/gu/.local/share/ov/pkg/isaac_sim-2023.1.1/Enhancing-Robot-Performance-Through-HRC/ros_nodes/install/enhancing_robot_performance_through_hrc/lib/enhancing_robot_performance_through_hrc
writing list of installed files to '/home/gu/.local/share/ov/pkg/isaac_sim-2023.1.1/Enhancing-Robot-Performance-Through-HRC/ros_nodes/build/enhancing_robot_performance_through_hrc/install.log'
