[1.199s] Invoking command in '/home/gu/.local/share/ov/pkg/isaac_sim-2023.1.1/Enhancing-Robot-Performance-Through-HRC/ros_nodes/src/enhancing_robot_performance_through_hrc': PYTHONPATH=/home/gu/.local/share/ov/pkg/isaac_sim-2023.1.1/Enhancing-Robot-Performance-Through-HRC/ros_nodes/build/enhancing_robot_performance_through_hrc/prefix_override:/home/gu/.local/share/ov/pkg/isaac_sim-2023.1.1/Enhancing-Robot-Performance-Through-HRC/ros_nodes/install/enhancing_robot_performance_through_hrc/lib/python3.10/site-packages:${PYTHONPATH} /usr/bin/python3 setup.py egg_info --egg-base ../../build/enhancing_robot_performance_through_hrc build --build-base /home/gu/.local/share/ov/pkg/isaac_sim-2023.1.1/Enhancing-Robot-Performance-Through-HRC/ros_nodes/build/enhancing_robot_performance_through_hrc/build install --record /home/gu/.local/share/ov/pkg/isaac_sim-2023.1.1/Enhancing-Robot-Performance-Through-HRC/ros_nodes/build/enhancing_robot_performance_through_hrc/install.log --single-version-externally-managed
[1.563s] running egg_info
[1.564s] writing ../../build/enhancing_robot_performance_through_hrc/enhancing_robot_performance_through_hrc.egg-info/PKG-INFO
[1.564s] writing dependency_links to ../../build/enhancing_robot_performance_through_hrc/enhancing_robot_performance_through_hrc.egg-info/dependency_links.txt
[1.564s] writing entry points to ../../build/enhancing_robot_performance_through_hrc/enhancing_robot_performance_through_hrc.egg-info/entry_points.txt
[1.565s] writing requirements to ../../build/enhancing_robot_performance_through_hrc/enhancing_robot_performance_through_hrc.egg-info/requires.txt
[1.565s] writing top-level names to ../../build/enhancing_robot_performance_through_hrc/enhancing_robot_performance_through_hrc.egg-info/top_level.txt
[1.567s] reading manifest file '../../build/enhancing_robot_performance_through_hrc/enhancing_robot_performance_through_hrc.egg-info/SOURCES.txt'
[1.570s] writing manifest file '../../build/enhancing_robot_performance_through_hrc/enhancing_robot_performance_through_hrc.egg-info/SOURCES.txt'
[1.570s] running build
[1.570s] running build_py
[1.570s] copying enhancing_robot_performance_through_hrc/behaviours.py -> /home/gu/.local/share/ov/pkg/isaac_sim-2023.1.1/Enhancing-Robot-Performance-Through-HRC/ros_nodes/build/enhancing_robot_performance_through_hrc/build/lib/enhancing_robot_performance_through_hrc
[1.571s] running install
[1.571s] running install_lib
[1.572s] copying /home/gu/.local/share/ov/pkg/isaac_sim-2023.1.1/Enhancing-Robot-Performance-Through-HRC/ros_nodes/build/enhancing_robot_performance_through_hrc/build/lib/enhancing_robot_performance_through_hrc/behaviours.py -> /home/gu/.local/share/ov/pkg/isaac_sim-2023.1.1/Enhancing-Robot-Performance-Through-HRC/ros_nodes/install/enhancing_robot_performance_through_hrc/lib/python3.10/site-packages/enhancing_robot_performance_through_hrc
[1.574s] byte-compiling /home/gu/.local/share/ov/pkg/isaac_sim-2023.1.1/Enhancing-Robot-Performance-Through-HRC/ros_nodes/install/enhancing_robot_performance_through_hrc/lib/python3.10/site-packages/enhancing_robot_performance_through_hrc/behaviours.py to behaviours.cpython-310.pyc
[1.575s] running install_data
[1.576s] running install_egg_info
[1.578s] removing '/home/gu/.local/share/ov/pkg/isaac_sim-2023.1.1/Enhancing-Robot-Performance-Through-HRC/ros_nodes/install/enhancing_robot_performance_through_hrc/lib/python3.10/site-packages/enhancing_robot_performance_through_hrc-0.0.0-py3.10.egg-info' (and everything under it)
[1.579s] Copying ../../build/enhancing_robot_performance_through_hrc/enhancing_robot_performance_through_hrc.egg-info to /home/gu/.local/share/ov/pkg/isaac_sim-2023.1.1/Enhancing-Robot-Performance-Through-HRC/ros_nodes/install/enhancing_robot_performance_through_hrc/lib/python3.10/site-packages/enhancing_robot_performance_through_hrc-0.0.0-py3.10.egg-info
[1.580s] running install_scripts
[1.614s] Installing gui script to /home/gu/.local/share/ov/pkg/isaac_sim-2023.1.1/Enhancing-Robot-Performance-Through-HRC/ros_nodes/install/enhancing_robot_performance_through_hrc/lib/enhancing_robot_performance_through_hrc
[1.614s] Installing srvs script to /home/gu/.local/share/ov/pkg/isaac_sim-2023.1.1/Enhancing-Robot-Performance-Through-HRC/ros_nodes/install/enhancing_robot_performance_through_hrc/lib/enhancing_robot_performance_through_hrc
[1.614s] Installing tree script to /home/gu/.local/share/ov/pkg/isaac_sim-2023.1.1/Enhancing-Robot-Performance-Through-HRC/ros_nodes/install/enhancing_robot_performance_through_hrc/lib/enhancing_robot_performance_through_hrc
[1.615s] writing list of installed files to '/home/gu/.local/share/ov/pkg/isaac_sim-2023.1.1/Enhancing-Robot-Performance-Through-HRC/ros_nodes/build/enhancing_robot_performance_through_hrc/install.log'
[1.661s] Invoked command in '/home/gu/.local/share/ov/pkg/isaac_sim-2023.1.1/Enhancing-Robot-Performance-Through-HRC/ros_nodes/src/enhancing_robot_performance_through_hrc' returned '0': PYTHONPATH=/home/gu/.local/share/ov/pkg/isaac_sim-2023.1.1/Enhancing-Robot-Performance-Through-HRC/ros_nodes/build/enhancing_robot_performance_through_hrc/prefix_override:/home/gu/.local/share/ov/pkg/isaac_sim-2023.1.1/Enhancing-Robot-Performance-Through-HRC/ros_nodes/install/enhancing_robot_performance_through_hrc/lib/python3.10/site-packages:${PYTHONPATH} /usr/bin/python3 setup.py egg_info --egg-base ../../build/enhancing_robot_performance_through_hrc build --build-base /home/gu/.local/share/ov/pkg/isaac_sim-2023.1.1/Enhancing-Robot-Performance-Through-HRC/ros_nodes/build/enhancing_robot_performance_through_hrc/build install --record /home/gu/.local/share/ov/pkg/isaac_sim-2023.1.1/Enhancing-Robot-Performance-Through-HRC/ros_nodes/build/enhancing_robot_performance_through_hrc/install.log --single-version-externally-managed
